TN:
SF:E:\Web\VUE\cardShareNew\src\components\Btn\Btn.vue
FNF:0
FNH:0
DA:37,1
DA:43,1
DA:44,1
DA:45,1
DA:47,0
DA:48,0
LF:6
LH:4
BRDA:43,0,0,1
BRDA:43,0,1,0
BRF:2
BRH:1
end_of_record
TN:
SF:E:\Web\VUE\cardShareNew\src\App.vue
FNF:0
FNH:0
LF:0
LH:0
BRF:0
BRH:0
end_of_record
TN:
SF:E:\Web\VUE\cardShareNew\src\components\Tab\Tab.vue
FNF:0
FNH:0
LF:0
LH:0
BRF:0
BRH:0
end_of_record
TN:
SF:E:\Web\VUE\cardShareNew\src\base\listview\listview.vue
FN:85,(anonymous_0)
FN:110,(anonymous_1)
FN:125,(anonymous_2)
FN:163,(anonymous_3)
FNF:4
FNH:0
FNDA:0,(anonymous_0)
FNDA:0,(anonymous_1)
FNDA:0,(anonymous_2)
FNDA:0,(anonymous_3)
DA:74,1
DA:75,1
DA:85,0
DA:93,0
DA:110,0
DA:111,0
DA:115,0
DA:116,0
DA:118,0
DA:125,0
DA:126,0
DA:130,0
DA:131,0
DA:132,0
DA:133,0
DA:135,0
DA:136,0
DA:137,0
DA:138,0
DA:139,0
DA:140,0
DA:141,0
DA:144,0
DA:148,0
DA:149,0
DA:150,0
DA:152,0
DA:153,0
DA:157,0
DA:158,0
DA:159,0
DA:160,0
DA:163,0
DA:164,0
DA:169,0
DA:172,0
DA:175,0
DA:178,0
DA:179,0
DA:180,0
DA:181,0
DA:182,0
DA:185,0
DA:186,0
DA:187,0
DA:188,0
DA:189,0
DA:192,0
DA:193,0
DA:195,0
DA:196,0
DA:197,0
DA:198,0
DA:200,0
DA:201,0
DA:204,0
DA:205,0
DA:206,0
DA:207,0
DA:208,0
DA:209,0
DA:210,0
DA:211,0
DA:215,0
LF:64
LH:2
BRDA:115,0,0,0
BRDA:115,0,1,0
BRDA:118,1,0,0
BRDA:118,1,1,0
BRDA:131,2,0,0
BRDA:131,2,1,0
BRDA:138,3,0,0
BRDA:138,3,1,0
BRDA:138,4,0,0
BRDA:138,4,1,0
BRDA:148,5,0,0
BRDA:148,5,1,0
BRDA:148,6,0,0
BRDA:148,6,1,0
BRDA:149,7,0,0
BRDA:149,7,1,0
BRDA:192,8,0,0
BRDA:192,8,1,0
BRDA:192,9,0,0
BRDA:192,9,1,0
BRDA:195,10,0,0
BRDA:195,10,1,0
BRDA:197,11,0,0
BRDA:197,11,1,0
BRDA:205,12,0,0
BRDA:205,12,1,0
BRF:26
BRH:0
end_of_record
TN:
SF:E:\Web\VUE\cardShareNew\src\base\scroll\scroll.vue
FN:73,(anonymous_0)
FN:79,(anonymous_1)
FN:94,(anonymous_2)
FN:119,(anonymous_3)
FN:124,(anonymous_4)
FNF:5
FNH:0
FNDA:0,(anonymous_0)
FNDA:0,(anonymous_1)
FNDA:0,(anonymous_2)
FNDA:0,(anonymous_3)
FNDA:0,(anonymous_4)
DA:62,0
DA:73,0
DA:74,0
DA:79,0
DA:80,0
DA:85,0
DA:86,0
DA:88,0
DA:93,0
DA:94,0
DA:95,0
DA:96,0
DA:97,0
DA:98,0
DA:99,0
DA:101,0
DA:102,0
DA:103,0
DA:104,0
DA:108,0
DA:110,0
DA:118,0
DA:119,0
DA:120,0
DA:121,0
DA:122,0
DA:123,0
DA:124,0
DA:125,0
DA:126,0
DA:133,0
DA:136,0
DA:139,0
DA:142,0
DA:145,0
LF:35
LH:0
BRDA:85,0,0,0
BRDA:85,0,1,0
BRDA:93,1,0,0
BRDA:93,1,1,0
BRDA:93,2,0,0
BRDA:93,2,1,0
BRDA:96,3,0,0
BRDA:96,3,1,0
BRDA:97,4,0,0
BRDA:97,4,1,0
BRDA:102,5,0,0
BRDA:102,5,1,0
BRDA:118,6,0,0
BRDA:118,6,1,0
BRDA:120,7,0,0
BRDA:120,7,1,0
BRDA:133,8,0,0
BRDA:133,8,1,0
BRDA:136,9,0,0
BRDA:136,9,1,0
BRDA:139,10,0,0
BRDA:139,10,1,0
BRDA:142,11,0,0
BRDA:142,11,1,0
BRDA:145,12,0,0
BRDA:145,12,1,0
BRF:26
BRH:0
end_of_record
TN:
SF:E:\Web\VUE\cardShareNew\src\base\loading\loading.vue
FNF:0
FNH:0
DA:16,0
LF:1
LH:0
BRF:0
BRH:0
end_of_record
TN:
SF:E:\Web\VUE\cardShareNew\src\common\js\dom.js
FN:1,getData
FNF:1
FNH:0
FNDA:0,getData
DA:2,0
DA:3,0
DA:4,0
DA:5,0
DA:7,0
LF:5
LH:0
BRDA:4,0,0,0
BRDA:4,0,1,0
BRF:2
BRH:0
end_of_record
TN:
SF:E:\Web\VUE\cardShareNew\src\base\modal\modal.vue
FNF:0
FNH:0
DA:34,0
LF:1
LH:0
BRF:0
BRH:0
end_of_record
TN:
SF:E:\Web\VUE\cardShareNew\src\base\tips\tips.vue
FNF:0
FNH:0
DA:25,0
DA:35,0
DA:36,0
DA:37,0
DA:39,0
LF:5
LH:0
BRDA:36,0,0,0
BRDA:36,0,1,0
BRF:2
BRH:0
end_of_record
TN:
SF:E:\Web\VUE\cardShareNew\src\common\js\util.js
FN:2,getCardId
FN:12,emailCheck
FN:19,pwdCheck
FN:26,phoneNumCheck
FN:33,stringCheck
FN:41,removeSpace
FN:48,padLeft
FN:56,getFiveWord
FN:64,timeFormat
FNF:9
FNH:0
FNDA:0,getCardId
FNDA:0,emailCheck
FNDA:0,pwdCheck
FNDA:0,phoneNumCheck
FNDA:0,stringCheck
FNDA:0,removeSpace
FNDA:0,padLeft
FNDA:0,getFiveWord
FNDA:0,timeFormat
DA:1,1
DA:3,0
DA:4,0
DA:5,0
DA:6,0
DA:7,0
DA:8,0
DA:9,0
DA:13,0
DA:14,0
DA:15,0
DA:17,0
DA:20,0
DA:21,0
DA:22,0
DA:24,0
DA:27,0
DA:28,0
DA:29,0
DA:31,0
DA:34,0
DA:35,0
DA:36,0
DA:38,0
DA:43,0
DA:44,0
DA:45,0
DA:49,0
DA:50,0
DA:52,0
DA:57,0
DA:58,0
DA:59,0
DA:61,0
DA:65,0
DA:66,0
DA:67,0
DA:68,0
DA:69,0
DA:70,0
DA:71,0
LF:41
LH:1
BRDA:14,0,0,0
BRDA:14,0,1,0
BRDA:21,1,0,0
BRDA:21,1,1,0
BRDA:28,2,0,0
BRDA:28,2,1,0
BRDA:35,3,0,0
BRDA:35,3,1,0
BRDA:49,4,0,0
BRDA:49,4,1,0
BRF:10
BRH:0
end_of_record
TN:
SF:E:\Web\VUE\cardShareNew\src\components\Account\Account.vue
FNF:0
FNH:0
DA:32,0
DA:36,0
DA:41,0
DA:46,0
DA:47,0
DA:49,0
DA:53,0
DA:54,0
LF:8
LH:0
BRDA:36,0,0,0
BRDA:36,0,1,0
BRDA:46,1,0,0
BRDA:46,1,1,0
BRF:4
BRH:0
end_of_record
TN:
SF:E:\Web\VUE\cardShareNew\src\components\AddCard\AddCard.vue
FN:95,(anonymous_0)
FNF:1
FNH:0
FNDA:0,(anonymous_0)
DA:58,0
DA:68,0
DA:69,0
DA:70,0
DA:71,0
DA:73,0
DA:74,0
DA:75,0
DA:76,0
DA:78,0
DA:79,0
DA:80,0
DA:81,0
DA:83,0
DA:90,0
DA:96,0
DA:97,0
DA:98,0
DA:100,0
DA:105,0
DA:108,0
LF:21
LH:0
BRDA:68,0,0,0
BRDA:68,0,1,0
BRDA:73,1,0,0
BRDA:73,1,1,0
BRDA:78,2,0,0
BRDA:78,2,1,0
BRDA:96,3,0,0
BRDA:96,3,1,0
BRF:8
BRH:0
end_of_record
TN:
SF:E:\Web\VUE\cardShareNew\src\components\AddEvent\AddEvent.vue
FN:88,(anonymous_0)
FNF:1
FNH:0
FNDA:0,(anonymous_0)
DA:56,0
DA:69,0
DA:73,0
DA:76,0
DA:77,0
DA:78,0
DA:79,0
DA:81,0
DA:82,0
DA:83,0
DA:89,0
DA:90,0
DA:91,0
DA:93,0
DA:98,0
DA:101,0
LF:16
LH:0
BRDA:76,0,0,0
BRDA:76,0,1,0
BRDA:76,1,0,0
BRDA:76,1,1,0
BRDA:89,2,0,0
BRDA:89,2,1,0
BRF:6
BRH:0
end_of_record
TN:
SF:E:\Web\VUE\cardShareNew\src\components\CardDetail\CardDetail.vue
FN:256,(anonymous_0)
FN:287,(anonymous_1)
FN:305,(anonymous_2)
FNF:3
FNH:0
FNDA:0,(anonymous_0)
FNDA:0,(anonymous_1)
FNDA:0,(anonymous_2)
DA:163,1
DA:164,1
DA:172,0
DA:187,0
DA:188,0
DA:194,0
DA:195,0
DA:196,0
DA:197,0
DA:198,0
DA:199,0
DA:202,0
DA:203,0
DA:204,0
DA:205,0
DA:206,0
DA:208,0
DA:209,0
DA:210,0
DA:211,0
DA:212,0
DA:213,0
DA:214,0
DA:219,0
DA:222,0
DA:223,0
DA:227,0
DA:230,0
DA:231,0
DA:233,0
DA:234,0
DA:235,0
DA:236,0
DA:237,0
DA:238,0
DA:242,0
DA:245,0
DA:248,0
DA:251,0
DA:257,0
DA:258,0
DA:259,0
DA:261,0
DA:266,0
DA:267,0
DA:268,0
DA:269,0
DA:270,0
DA:272,0
DA:273,0
DA:274,0
DA:275,0
DA:277,0
DA:278,0
DA:279,0
DA:280,0
DA:282,0
DA:288,0
DA:289,0
DA:290,0
DA:291,0
DA:293,0
DA:297,0
DA:301,0
DA:302,0
DA:303,0
DA:305,0
DA:306,0
DA:311,0
LF:69
LH:2
BRDA:187,0,0,0
BRDA:187,0,1,0
BRDA:194,1,0,0
BRDA:194,1,1,0
BRDA:194,2,0,0
BRDA:194,2,1,0
BRDA:202,3,0,0
BRDA:202,3,1,0
BRDA:208,4,0,0
BRDA:208,4,1,0
BRDA:230,5,0,0
BRDA:230,5,1,0
BRDA:257,6,0,0
BRDA:257,6,1,0
BRDA:266,7,0,0
BRDA:266,7,1,0
BRDA:267,8,0,0
BRDA:267,8,1,0
BRDA:272,9,0,0
BRDA:272,9,1,0
BRDA:277,10,0,0
BRDA:277,10,1,0
BRDA:288,11,0,0
BRDA:288,11,1,0
BRDA:301,12,0,0
BRDA:301,12,1,0
BRF:26
BRH:0
end_of_record
TN:
SF:E:\Web\VUE\cardShareNew\src\components\CardList\CardList.vue
FN:82,(anonymous_0)
FN:107,(anonymous_1)
FN:123,(anonymous_2)
FN:139,(anonymous_3)
FN:143,(anonymous_4)
FN:174,(anonymous_5)
FNF:6
FNH:0
FNDA:0,(anonymous_0)
FNDA:0,(anonymous_1)
FNDA:0,(anonymous_2)
FNDA:0,(anonymous_3)
FNDA:0,(anonymous_4)
FNDA:0,(anonymous_5)
DA:52,0
DA:65,0
DA:66,0
DA:70,0
DA:71,0
DA:72,0
DA:77,0
DA:78,0
DA:83,0
DA:84,0
DA:85,0
DA:86,0
DA:97,0
DA:99,0
DA:101,0
DA:102,0
DA:107,0
DA:108,0
DA:109,0
DA:110,0
DA:111,0
DA:117,0
DA:122,0
DA:123,0
DA:124,0
DA:125,0
DA:126,0
DA:131,0
DA:133,0
DA:134,0
DA:135,0
DA:136,0
DA:138,0
DA:139,0
DA:140,0
DA:143,0
DA:144,0
DA:146,0
DA:149,0
DA:150,0
DA:158,0
DA:169,0
DA:170,0
DA:174,0
DA:175,0
LF:45
LH:0
BRDA:65,0,0,0
BRDA:65,0,1,0
BRDA:71,1,0,0
BRDA:71,1,1,0
BRDA:83,2,0,0
BRDA:83,2,1,0
BRDA:84,3,0,0
BRDA:84,3,1,0
BRDA:108,4,0,0
BRDA:108,4,1,0
BRDA:109,5,0,0
BRDA:109,5,1,0
BRDA:125,6,0,0
BRDA:125,6,1,0
BRF:14
BRH:0
end_of_record
TN:
SF:E:\Web\VUE\cardShareNew\src\components\Event\Event.vue
FN:99,(anonymous_0)
FN:123,(anonymous_1)
FN:134,(anonymous_2)
FN:149,(anonymous_3)
FN:161,(anonymous_4)
FN:164,(anonymous_5)
FN:179,(anonymous_6)
FNF:7
FNH:0
FNDA:0,(anonymous_0)
FNDA:0,(anonymous_1)
FNDA:0,(anonymous_2)
FNDA:0,(anonymous_3)
FNDA:0,(anonymous_4)
FNDA:0,(anonymous_5)
FNDA:0,(anonymous_6)
DA:80,0
DA:97,0
DA:98,0
DA:99,0
DA:100,0
DA:101,0
DA:105,0
DA:106,0
DA:111,0
DA:112,0
DA:113,0
DA:115,0
DA:119,0
DA:124,0
DA:125,0
DA:126,0
DA:129,0
DA:134,0
DA:135,0
DA:136,0
DA:138,0
DA:141,0
DA:142,0
DA:145,0
DA:150,0
DA:151,0
DA:152,0
DA:153,0
DA:154,0
DA:157,0
DA:158,0
DA:159,0
DA:161,0
DA:162,0
DA:164,0
DA:165,0
DA:170,0
DA:171,0
DA:174,0
DA:179,0
DA:180,0
LF:41
LH:0
BRDA:105,0,0,0
BRDA:105,0,1,0
BRDA:111,1,0,0
BRDA:111,1,1,0
BRDA:111,2,0,0
BRDA:111,2,1,0
BRDA:124,3,0,0
BRDA:124,3,1,0
BRDA:125,4,0,0
BRDA:125,4,1,0
BRDA:135,5,0,0
BRDA:135,5,1,0
BRDA:150,6,0,0
BRDA:150,6,1,0
BRDA:151,7,0,0
BRDA:151,7,1,0
BRF:16
BRH:0
end_of_record
TN:
SF:E:\Web\VUE\cardShareNew\src\components\Login\Login.vue
FN:97,(anonymous_0)
FNF:1
FNH:0
FNDA:0,(anonymous_0)
DA:64,0
DA:77,0
DA:78,0
DA:79,0
DA:80,0
DA:81,0
DA:83,0
DA:84,0
DA:87,0
DA:88,0
DA:89,0
DA:92,0
DA:98,0
DA:99,0
DA:100,0
DA:102,0
DA:103,0
DA:104,0
DA:105,0
DA:107,0
DA:108,0
DA:114,0
DA:117,0
LF:23
LH:0
BRDA:77,0,0,0
BRDA:77,0,1,0
BRDA:77,1,0,0
BRDA:77,1,1,0
BRDA:83,2,0,0
BRDA:83,2,1,0
BRDA:84,3,0,0
BRDA:84,3,1,0
BRDA:98,4,0,0
BRDA:98,4,1,0
BRDA:103,5,0,0
BRDA:103,5,1,0
BRF:12
BRH:0
end_of_record
TN:
SF:E:\Web\VUE\cardShareNew\src\components\Receive\Receive.vue
FN:70,(anonymous_0)
FNF:1
FNH:0
FNDA:0,(anonymous_0)
DA:40,0
DA:53,0
DA:54,0
DA:56,0
DA:61,0
DA:64,0
DA:65,0
DA:71,0
DA:72,0
DA:73,0
DA:75,0
DA:80,0
DA:83,0
DA:84,0
DA:85,0
DA:87,0
DA:88,0
DA:94,0
DA:97,0
DA:105,0
DA:108,0
DA:109,0
DA:110,0
DA:113,0
DA:116,0
DA:117,0
DA:121,0
DA:122,0
LF:28
LH:0
BRDA:53,0,0,0
BRDA:53,0,1,0
BRDA:71,1,0,0
BRDA:71,1,1,0
BRDA:83,2,0,0
BRDA:83,2,1,0
BRF:6
BRH:0
end_of_record
TN:
SF:E:\Web\VUE\cardShareNew\src\components\Reg\Reg.vue
FN:74,(anonymous_0)
FNF:1
FNH:0
FNDA:0,(anonymous_0)
DA:47,0
DA:57,0
DA:58,0
DA:59,0
DA:60,0
DA:61,0
DA:62,0
DA:63,0
DA:64,0
DA:65,0
DA:66,0
DA:67,0
DA:69,0
DA:75,0
DA:76,0
DA:78,0
DA:79,0
DA:85,0
LF:18
LH:0
BRDA:57,0,0,0
BRDA:57,0,1,0
BRDA:57,1,0,0
BRDA:57,1,1,0
BRDA:63,2,0,0
BRDA:63,2,1,0
BRDA:75,3,0,0
BRDA:75,3,1,0
BRF:8
BRH:0
end_of_record
TN:
SF:E:\Web\VUE\cardShareNew\src\components\Search\Search.vue
FN:95,(anonymous_0)
FNF:1
FNH:0
FNDA:0,(anonymous_0)
DA:64,0
DA:83,0
DA:85,0
DA:90,0
DA:91,0
DA:92,0
DA:93,0
DA:95,0
DA:96,0
DA:100,0
DA:101,0
DA:102,0
DA:110,0
DA:111,0
DA:112,0
DA:113,0
DA:119,0
DA:120,0
DA:121,0
DA:122,0
DA:123,0
DA:124,0
DA:129,0
DA:134,0
DA:138,0
DA:139,0
DA:140,0
DA:142,0
DA:143,0
DA:144,0
DA:146,0
DA:147,0
DA:148,0
DA:150,0
DA:151,0
DA:153,0
DA:158,0
DA:159,0
DA:160,0
DA:161,0
DA:162,0
DA:163,0
DA:164,0
DA:166,0
DA:167,0
DA:168,0
DA:171,0
DA:172,0
DA:174,0
DA:178,0
DA:179,0
DA:180,0
DA:181,0
DA:182,0
DA:183,0
DA:184,0
DA:186,0
LF:57
LH:0
BRDA:83,0,0,0
BRDA:83,0,1,0
BRDA:91,1,0,0
BRDA:91,1,1,0
BRDA:112,2,0,0
BRDA:112,2,1,0
BRDA:138,3,0,0
BRDA:138,3,1,0
BRDA:142,4,0,0
BRDA:142,4,1,0
BRDA:146,5,0,0
BRDA:146,5,1,0
BRDA:150,6,0,0
BRDA:150,6,1,0
BRDA:163,7,0,0
BRDA:163,7,1,0
BRDA:167,8,0,0
BRDA:167,8,1,0
BRDA:171,9,0,0
BRDA:171,9,1,0
BRF:20
BRH:0
end_of_record
TN:
SF:E:\Web\VUE\cardShareNew\src\components\Send\Send.vue
FNF:0
FNH:0
DA:41,0
DA:55,0
DA:56,0
DA:58,0
DA:59,0
DA:60,0
DA:65,0
DA:66,0
DA:69,0
DA:70,0
DA:77,0
DA:78,0
DA:79,0
DA:81,0
DA:84,0
DA:89,0
DA:92,0
DA:95,0
DA:99,0
DA:100,0
LF:20
LH:0
BRDA:55,0,0,0
BRDA:55,0,1,0
BRDA:55,1,0,0
BRDA:55,1,1,0
BRF:4
BRH:0
end_of_record
TN:
SF:E:\Web\VUE\cardShareNew\src\components\UserMsg\UserMsg.vue
FN:111,(anonymous_0)
FNF:1
FNH:0
FNDA:0,(anonymous_0)
DA:71,0
DA:80,0
DA:81,0
DA:82,0
DA:83,0
DA:88,0
DA:89,0
DA:91,0
DA:95,0
DA:96,0
DA:97,0
DA:98,0
DA:100,0
DA:101,0
DA:102,0
DA:103,0
DA:105,0
DA:112,0
DA:113,0
DA:114,0
DA:115,0
DA:117,0
DA:122,0
DA:125,0
LF:24
LH:0
BRDA:82,0,0,0
BRDA:82,0,1,0
BRDA:88,1,0,0
BRDA:88,1,1,0
BRDA:95,2,0,0
BRDA:95,2,1,0
BRDA:100,3,0,0
BRDA:100,3,1,0
BRDA:112,4,0,0
BRDA:112,4,1,0
BRF:10
BRH:0
end_of_record
TN:
SF:E:\Web\VUE\cardShareNew\src\router\index.js
FN:5,(anonymous_0)
FN:7,(anonymous_1)
FN:9,(anonymous_2)
FN:11,(anonymous_3)
FN:13,(anonymous_4)
FN:15,(anonymous_5)
FN:17,(anonymous_6)
FN:19,(anonymous_7)
FN:21,(anonymous_8)
FN:23,(anonymous_9)
FN:25,(anonymous_10)
FN:27,(anonymous_11)
FNF:12
FNH:0
FNDA:0,(anonymous_0)
FNDA:0,(anonymous_1)
FNDA:0,(anonymous_2)
FNDA:0,(anonymous_3)
FNDA:0,(anonymous_4)
FNDA:0,(anonymous_5)
FNDA:0,(anonymous_6)
FNDA:0,(anonymous_7)
FNDA:0,(anonymous_8)
FNDA:0,(anonymous_9)
FNDA:0,(anonymous_10)
FNDA:0,(anonymous_11)
DA:4,1
DA:5,0
DA:6,1
DA:7,0
DA:8,1
DA:9,0
DA:10,1
DA:11,0
DA:12,1
DA:13,0
DA:14,1
DA:15,0
DA:16,1
DA:17,0
DA:18,1
DA:19,0
DA:20,1
DA:21,0
DA:22,1
DA:23,0
DA:24,1
DA:25,0
DA:26,1
DA:27,0
DA:29,1
LF:25
LH:13
BRF:0
BRH:0
end_of_record
TN:
SF:E:\Web\VUE\cardShareNew\src\store\index.js
FNF:0
FNH:0
DA:7,1
LF:1
LH:1
BRF:0
BRH:0
end_of_record
TN:
SF:E:\Web\VUE\cardShareNew\src\store\state.js
FNF:0
FNH:0
DA:1,1
LF:1
LH:1
BRF:0
BRH:0
end_of_record
TN:
SF:E:\Web\VUE\cardShareNew\src\store\getters.js
FN:2,(anonymous_0)
FN:5,(anonymous_1)
FN:8,(anonymous_2)
FN:11,(anonymous_3)
FNF:4
FNH:0
FNDA:0,(anonymous_0)
FNDA:0,(anonymous_1)
FNDA:0,(anonymous_2)
FNDA:0,(anonymous_3)
DA:1,1
DA:3,0
DA:6,0
DA:9,0
DA:12,0
LF:5
LH:1
BRF:0
BRH:0
end_of_record
TN:
SF:E:\Web\VUE\cardShareNew\src\store\mutations.js
FNF:0
FNH:0
DA:3,1
DA:5,0
DA:8,0
DA:11,0
DA:14,0
LF:5
LH:1
BRF:0
BRH:0
end_of_record
TN:
SF:E:\Web\VUE\cardShareNew\src\store\mutations-types.js
FNF:0
FNH:0
DA:1,1
DA:2,1
DA:3,1
DA:4,1
LF:4
LH:4
BRF:0
BRH:0
end_of_record
